# JRE version: OpenJDK Runtime Environment (17.0.6) (build 17.0.6+0-b2043.56-9586694)
# Java VM: OpenJDK 64-Bit Server VM (17.0.6+0-b2043.56-9586694, mixed mode, tiered, compressed oops, compressed class ptrs, g1 gc, windows-amd64)
GC Precious Log:
 CPUs: 12 total, 12 available
 Memory: 3889M
 Large Page Support: Disabled
 NUMA Support: Disabled
 Compressed Oops: Enabled (32-bit)
 Heap Region Size: 1M
 Heap Min Capacity: 8M
 Heap Initial Capacity: 62M
 Heap Max Capacity: 974M
 Pre-touch: Disabled
 Parallel Workers: 10
 Concurrent Workers: 3
 Concurrent Refinement Workers: 10
 Periodic GC: Disabled
Heap:
 garbage-first heap   total 111616K, used 63793K [0x00000000c3200000, 0x0000000100000000)
  region size 1024K, 11 young (11264K), 5 survivors (5120K)
 Metaspace       used 64622K, committed 64896K, reserved 1105920K
  class space    used 7625K, committed 7744K, reserved 1048576K
GC Heap History (20 events):
Event: 5.802 GC heap before
{Heap before GC invocations=11 (full 0):
 garbage-first heap   total 75776K, used 56320K [0x00000000c3200000, 0x0000000100000000)
  region size 1024K, 32 young (32768K), 4 survivors (4096K)
 Metaspace       used 48377K, committed 48640K, reserved 1097728K
  class space    used 5895K, committed 6016K, reserved 1048576K
}
Event: 5.813 GC heap after
{Heap after GC invocations=12 (full 0):
 garbage-first heap   total 75776K, used 30437K [0x00000000c3200000, 0x0000000100000000)
  region size 1024K, 3 young (3072K), 3 survivors (3072K)
 Metaspace       used 48377K, committed 48640K, reserved 1097728K
  class space    used 5895K, committed 6016K, reserved 1048576K
}
Event: 6.060 GC heap before
{Heap before GC invocations=12 (full 0):
 garbage-first heap   total 75776K, used 58085K [0x00000000c3200000, 0x0000000100000000)
  region size 1024K, 29 young (29696K), 3 survivors (3072K)
 Metaspace       used 48675K, committed 48896K, reserved 1097728K
  class space    used 5907K, committed 6016K, reserved 1048576K
}
Event: 6.074 GC heap after
{Heap after GC invocations=13 (full 0):
 garbage-first heap   total 75776K, used 33894K [0x00000000c3200000, 0x0000000100000000)
  region size 1024K, 4 young (4096K), 4 survivors (4096K)
 Metaspace       used 48675K, committed 48896K, reserved 1097728K
  class space    used 5907K, committed 6016K, reserved 1048576K
}
Event: 6.605 GC heap before
{Heap before GC invocations=13 (full 0):
 garbage-first heap   total 75776K, used 57446K [0x00000000c3200000, 0x0000000100000000)
  region size 1024K, 27 young (27648K), 4 survivors (4096K)
 Metaspace       used 50723K, committed 51008K, reserved 1097728K
  class space    used 6123K, committed 6272K, reserved 1048576K
}
Event: 6.619 GC heap after
{Heap after GC invocations=14 (full 0):
 garbage-first heap   total 75776K, used 35959K [0x00000000c3200000, 0x0000000100000000)
  region size 1024K, 4 young (4096K), 4 survivors (4096K)
 Metaspace       used 50723K, committed 51008K, reserved 1097728K
  class space    used 6123K, committed 6272K, reserved 1048576K
}
Event: 7.417 GC heap before
{Heap before GC invocations=14 (full 0):
 garbage-first heap   total 75776K, used 56439K [0x00000000c3200000, 0x0000000100000000)
  region size 1024K, 25 young (25600K), 4 survivors (4096K)
 Metaspace       used 54601K, committed 54912K, reserved 1097728K
  class space    used 6510K, committed 6656K, reserved 1048576K
}
Event: 7.434 GC heap after
{Heap after GC invocations=15 (full 0):
 garbage-first heap   total 92160K, used 39903K [0x00000000c3200000, 0x0000000100000000)
  region size 1024K, 4 young (4096K), 4 survivors (4096K)
 Metaspace       used 54601K, committed 54912K, reserved 1097728K
  class space    used 6510K, committed 6656K, reserved 1048576K
}
Event: 8.268 GC heap before
{Heap before GC invocations=15 (full 0):
 garbage-first heap   total 92160K, used 69599K [0x00000000c3200000, 0x0000000100000000)
  region size 1024K, 33 young (33792K), 4 survivors (4096K)
 Metaspace       used 55809K, committed 56128K, reserved 1105920K
  class space    used 6559K, committed 6720K, reserved 1048576K
}
Event: 8.296 GC heap after
{Heap after GC invocations=16 (full 0):
 garbage-first heap   total 92160K, used 45056K [0x00000000c3200000, 0x0000000100000000)
  region size 1024K, 5 young (5120K), 5 survivors (5120K)
 Metaspace       used 55809K, committed 56128K, reserved 1105920K
  class space    used 6559K, committed 6720K, reserved 1048576K
}
Event: 8.705 GC heap before
{Heap before GC invocations=16 (full 0):
 garbage-first heap   total 92160K, used 70656K [0x00000000c3200000, 0x0000000100000000)
  region size 1024K, 30 young (30720K), 5 survivors (5120K)
 Metaspace       used 56228K, committed 56512K, reserved 1105920K
  class space    used 6597K, committed 6720K, reserved 1048576K
}
Event: 8.727 GC heap after
{Heap after GC invocations=17 (full 0):
 garbage-first heap   total 92160K, used 48934K [0x00000000c3200000, 0x0000000100000000)
  region size 1024K, 4 young (4096K), 4 survivors (4096K)
 Metaspace       used 56228K, committed 56512K, reserved 1105920K
  class space    used 6597K, committed 6720K, reserved 1048576K
}
Event: 8.905 GC heap before
{Heap before GC invocations=17 (full 0):
 garbage-first heap   total 92160K, used 71462K [0x00000000c3200000, 0x0000000100000000)
  region size 1024K, 26 young (26624K), 4 survivors (4096K)
 Metaspace       used 56967K, committed 57280K, reserved 1105920K
  class space    used 6689K, committed 6848K, reserved 1048576K
}
Event: 8.912 GC heap after
{Heap after GC invocations=18 (full 0):
 garbage-first heap   total 92160K, used 49745K [0x00000000c3200000, 0x0000000100000000)
  region size 1024K, 1 young (1024K), 1 survivors (1024K)
 Metaspace       used 56967K, committed 57280K, reserved 1105920K
  class space    used 6689K, committed 6848K, reserved 1048576K
}
Event: 9.940 GC heap before
{Heap before GC invocations=19 (full 0):
 garbage-first heap   total 92160K, used 73297K [0x00000000c3200000, 0x0000000100000000)
  region size 1024K, 24 young (24576K), 1 survivors (1024K)
 Metaspace       used 59888K, committed 60160K, reserved 1105920K
  class space    used 7028K, committed 7168K, reserved 1048576K
}
Event: 9.955 GC heap after
{Heap after GC invocations=20 (full 0):
 garbage-first heap   total 92160K, used 54272K [0x00000000c3200000, 0x0000000100000000)
  region size 1024K, 3 young (3072K), 3 survivors (3072K)
 Metaspace       used 59888K, committed 60160K, reserved 1105920K
  class space    used 7028K, committed 7168K, reserved 1048576K
}
Event: 9.963 GC heap before
{Heap before GC invocations=20 (full 0):
 garbage-first heap   total 92160K, used 55296K [0x00000000c3200000, 0x0000000100000000)
  region size 1024K, 4 young (4096K), 3 survivors (3072K)
 Metaspace       used 59895K, committed 60160K, reserved 1105920K
  class space    used 7028K, committed 7168K, reserved 1048576K
}
Event: 9.977 GC heap after
{Heap after GC invocations=21 (full 0):
 garbage-first heap   total 111616K, used 54624K [0x00000000c3200000, 0x0000000100000000)
  region size 1024K, 1 young (1024K), 1 survivors (1024K)
 Metaspace       used 59895K, committed 60160K, reserved 1105920K
  class space    used 7028K, committed 7168K, reserved 1048576K
}
Event: 11.556 GC heap before
{Heap before GC invocations=21 (full 0):
 garbage-first heap   total 111616K, used 87392K [0x00000000c3200000, 0x0000000100000000)
  region size 1024K, 33 young (33792K), 1 survivors (1024K)
 Metaspace       used 62650K, committed 62912K, reserved 1105920K
  class space    used 7294K, committed 7424K, reserved 1048576K
}
Event: 11.577 GC heap after
{Heap after GC invocations=22 (full 0):
 garbage-first heap   total 111616K, used 59697K [0x00000000c3200000, 0x0000000100000000)
  region size 1024K, 5 young (5120K), 5 survivors (5120K)
 Metaspace       used 62650K, committed 62912K, reserved 1105920K
  class space    used 7294K, committed 7424K, reserved 1048576K
}

